;  LST file generated by mikroListExporter - v.2.0 
; Date/Time: 8/1/2023 4:03:58 PM
;----------------------------------------------

;Address Opcode 	ASM
0x0000	0x28B0      	GOTO       176
_interrupt:
0x0004	0x00FF      	MOVWF      R15
0x0005	0x0E03      	SWAPF      STATUS, 0
0x0006	0x0183      	CLRF       STATUS
0x0007	0x00AB      	MOVWF      ___saveSTATUS
0x0008	0x080A      	MOVF       PCLATH, 0
0x0009	0x00AC      	MOVWF      ___savePCLATH
0x000A	0x018A      	CLRF       PCLATH
0x000B	0x0870      	MOVF       R0, 0
0x000C	0x00A3      	MOVWF      35
0x000D	0x087B      	MOVF       R11, 0
0x000E	0x00A2      	MOVWF      34
0x000F	0x087C      	MOVF       R12, 0
0x0010	0x00A1      	MOVWF      33
0x0011	0x087D      	MOVF       R13, 0
0x0012	0x00A0      	MOVWF      32
;MyProject.c,4 :: 		void interrupt()
;MyProject.c,6 :: 		if(intf_bit == 1)
0x0013	0x1C8B      	BTFSS      INTF_bit, BitPos(INTF_bit+0)
0x0014	0x288E      	GOTO       L_interrupt0
;MyProject.c,8 :: 		intf_bit = 0 ;
0x0015	0x108B      	BCF        INTF_bit, BitPos(INTF_bit+0)
;MyProject.c,9 :: 		while(portb.B0 == 1) {
L_interrupt1:
0x0016	0x1C06      	BTFSS      PORTB, 0
0x0017	0x288E      	GOTO       L_interrupt2
;MyProject.c,10 :: 		if(portb.b5 == 1)
0x0018	0x1E86      	BTFSS      PORTB, 5
0x0019	0x288D      	GOTO       L_interrupt3
;MyProject.c,12 :: 		if((portc.b0 ==1) || (portc.b1 == 1))
0x001A	0x1807      	BTFSC      PORTC, 0
0x001B	0x281F      	GOTO       L__interrupt67
0x001C	0x1887      	BTFSC      PORTC, 1
0x001D	0x281F      	GOTO       L__interrupt67
0x001E	0x2854      	GOTO       L_interrupt6
L__interrupt67:
;MyProject.c,14 :: 		if(portc.b0 == 1)
0x001F	0x1C07      	BTFSS      PORTC, 0
0x0020	0x2823      	GOTO       L_interrupt7
;MyProject.c,15 :: 		portc = 0b00010010 ;
0x0021	0x3012      	MOVLW      18
0x0022	0x0087      	MOVWF      PORTC
L_interrupt7:
;MyProject.c,16 :: 		porta.b0 = 1 ;
0x0023	0x1405      	BSF        PORTA, 0
;MyProject.c,17 :: 		porta.b1 = 0 ;
0x0024	0x1085      	BCF        PORTA, 1
;MyProject.c,18 :: 		for(count_units = 3 ; count_units >= 0 ; count_units--)
0x0025	0x3003      	MOVLW      3
0x0026	0x00A4      	MOVWF      _count_units
0x0027	0x3000      	MOVLW      0
0x0028	0x00A5      	MOVWF      _count_units+1
L_interrupt8:
0x0029	0x3080      	MOVLW      128
0x002A	0x0625      	XORWF      _count_units+1, 0
0x002B	0x00F0      	MOVWF      R0
0x002C	0x3080      	MOVLW      128
0x002D	0x0270      	SUBWF      R0, 0
0x002E	0x1D03      	BTFSS      STATUS, 2
0x002F	0x2832      	GOTO       L__interrupt76
0x0030	0x3000      	MOVLW      0
0x0031	0x0224      	SUBWF      _count_units, 0
L__interrupt76:
0x0032	0x1C03      	BTFSS      STATUS, 0
0x0033	0x2849      	GOTO       L_interrupt9
;MyProject.c,20 :: 		portd = count_units ;
0x0034	0x0824      	MOVF       _count_units, 0
0x0035	0x0088      	MOVWF      PORTD
;MyProject.c,21 :: 		delay_ms(500) ;
0x0036	0x3006      	MOVLW      6
0x0037	0x00FB      	MOVWF      R11
0x0038	0x3013      	MOVLW      19
0x0039	0x00FC      	MOVWF      R12
0x003A	0x30AD      	MOVLW      173
0x003B	0x00FD      	MOVWF      R13
L_interrupt11:
0x003C	0x0BFD      	DECFSZ     R13, 1
0x003D	0x283C      	GOTO       L_interrupt11
0x003E	0x0BFC      	DECFSZ     R12, 1
0x003F	0x283C      	GOTO       L_interrupt11
0x0040	0x0BFB      	DECFSZ     R11, 1
0x0041	0x283C      	GOTO       L_interrupt11
0x0042	0x0000      	NOP
0x0043	0x0000      	NOP
;MyProject.c,18 :: 		for(count_units = 3 ; count_units >= 0 ; count_units--)
0x0044	0x3001      	MOVLW      1
0x0045	0x02A4      	SUBWF      _count_units, 1
0x0046	0x1C03      	BTFSS      STATUS, 0
0x0047	0x03A5      	DECF       _count_units+1, 1
;MyProject.c,22 :: 		}
0x0048	0x2829      	GOTO       L_interrupt8
L_interrupt9:
;MyProject.c,23 :: 		porta.B1 = 1 ;
0x0049	0x1485      	BSF        PORTA, 1
;MyProject.c,24 :: 		portc = 0b01000100 ;
0x004A	0x3044      	MOVLW      68
0x004B	0x0087      	MOVWF      PORTC
;MyProject.c,25 :: 		flag = 3 ;
0x004C	0x3003      	MOVLW      3
0x004D	0x00A6      	MOVWF      _flag
;MyProject.c,26 :: 		while(portb.B0 == 1 && portb.b5 ==1) ;
L_interrupt12:
0x004E	0x1C06      	BTFSS      PORTB, 0
0x004F	0x2853      	GOTO       L_interrupt13
0x0050	0x1E86      	BTFSS      PORTB, 5
0x0051	0x2853      	GOTO       L_interrupt13
L__interrupt66:
0x0052	0x284E      	GOTO       L_interrupt12
L_interrupt13:
;MyProject.c,27 :: 		}
0x0053	0x288D      	GOTO       L_interrupt16
L_interrupt6:
;MyProject.c,28 :: 		else if(portc.b6 == 1 || portc.b5 ==1)
0x0054	0x1B07      	BTFSC      PORTC, 6
0x0055	0x2859      	GOTO       L__interrupt65
0x0056	0x1A87      	BTFSC      PORTC, 5
0x0057	0x2859      	GOTO       L__interrupt65
0x0058	0x288D      	GOTO       L_interrupt19
L__interrupt65:
;MyProject.c,30 :: 		if(portc.b6 == 1)
0x0059	0x1F07      	BTFSS      PORTC, 6
0x005A	0x285D      	GOTO       L_interrupt20
;MyProject.c,31 :: 		portc = 0b00100100 ;
0x005B	0x3024      	MOVLW      36
0x005C	0x0087      	MOVWF      PORTC
L_interrupt20:
;MyProject.c,32 :: 		porta.B1 = 1 ;
0x005D	0x1485      	BSF        PORTA, 1
;MyProject.c,33 :: 		porta.b0 = 0 ;
0x005E	0x1005      	BCF        PORTA, 0
;MyProject.c,34 :: 		for(count_units = 3 ; count_units >= 0 ; count_units--)
0x005F	0x3003      	MOVLW      3
0x0060	0x00A4      	MOVWF      _count_units
0x0061	0x3000      	MOVLW      0
0x0062	0x00A5      	MOVWF      _count_units+1
L_interrupt21:
0x0063	0x3080      	MOVLW      128
0x0064	0x0625      	XORWF      _count_units+1, 0
0x0065	0x00F0      	MOVWF      R0
0x0066	0x3080      	MOVLW      128
0x0067	0x0270      	SUBWF      R0, 0
0x0068	0x1D03      	BTFSS      STATUS, 2
0x0069	0x286C      	GOTO       L__interrupt77
0x006A	0x3000      	MOVLW      0
0x006B	0x0224      	SUBWF      _count_units, 0
L__interrupt77:
0x006C	0x1C03      	BTFSS      STATUS, 0
0x006D	0x2883      	GOTO       L_interrupt22
;MyProject.c,36 :: 		portd = count_units ;
0x006E	0x0824      	MOVF       _count_units, 0
0x006F	0x0088      	MOVWF      PORTD
;MyProject.c,37 :: 		delay_ms(500) ;
0x0070	0x3006      	MOVLW      6
0x0071	0x00FB      	MOVWF      R11
0x0072	0x3013      	MOVLW      19
0x0073	0x00FC      	MOVWF      R12
0x0074	0x30AD      	MOVLW      173
0x0075	0x00FD      	MOVWF      R13
L_interrupt24:
0x0076	0x0BFD      	DECFSZ     R13, 1
0x0077	0x2876      	GOTO       L_interrupt24
0x0078	0x0BFC      	DECFSZ     R12, 1
0x0079	0x2876      	GOTO       L_interrupt24
0x007A	0x0BFB      	DECFSZ     R11, 1
0x007B	0x2876      	GOTO       L_interrupt24
0x007C	0x0000      	NOP
0x007D	0x0000      	NOP
;MyProject.c,34 :: 		for(count_units = 3 ; count_units >= 0 ; count_units--)
0x007E	0x3001      	MOVLW      1
0x007F	0x02A4      	SUBWF      _count_units, 1
0x0080	0x1C03      	BTFSS      STATUS, 0
0x0081	0x03A5      	DECF       _count_units+1, 1
;MyProject.c,38 :: 		}
0x0082	0x2863      	GOTO       L_interrupt21
L_interrupt22:
;MyProject.c,39 :: 		porta.b0 = 1 ;
0x0083	0x1405      	BSF        PORTA, 0
;MyProject.c,40 :: 		portc = 0b00010001 ;
0x0084	0x3011      	MOVLW      17
0x0085	0x0087      	MOVWF      PORTC
;MyProject.c,41 :: 		flag = 2  ;
0x0086	0x3002      	MOVLW      2
0x0087	0x00A6      	MOVWF      _flag
;MyProject.c,42 :: 		while(portb.B0 == 1 && portb.b5 ==1) ;
L_interrupt25:
0x0088	0x1C06      	BTFSS      PORTB, 0
0x0089	0x288D      	GOTO       L_interrupt26
0x008A	0x1E86      	BTFSS      PORTB, 5
0x008B	0x288D      	GOTO       L_interrupt26
L__interrupt64:
0x008C	0x2888      	GOTO       L_interrupt25
L_interrupt26:
;MyProject.c,43 :: 		}
L_interrupt19:
L_interrupt16:
;MyProject.c,44 :: 		}
L_interrupt3:
;MyProject.c,45 :: 		}
0x008D	0x2816      	GOTO       L_interrupt1
L_interrupt2:
;MyProject.c,46 :: 		}
L_interrupt0:
;MyProject.c,47 :: 		}
L_end_interrupt:
L__interrupt75:
0x008E	0x0823      	MOVF       35, 0
0x008F	0x00F0      	MOVWF      R0
0x0090	0x0822      	MOVF       34, 0
0x0091	0x00FB      	MOVWF      R11
0x0092	0x0821      	MOVF       33, 0
0x0093	0x00FC      	MOVWF      R12
0x0094	0x0820      	MOVF       32, 0
0x0095	0x00FD      	MOVWF      R13
0x0096	0x082C      	MOVF       ___savePCLATH, 0
0x0097	0x008A      	MOVWF      PCLATH
0x0098	0x0E2B      	SWAPF      ___saveSTATUS, 0
0x0099	0x0083      	MOVWF      STATUS
0x009A	0x0EFF      	SWAPF      R15, 1
0x009B	0x0E7F      	SWAPF      R15, 0
0x009C	0x0009      	RETFIE
; end of _interrupt
_____DoICP:
;__Lib_System.c,6 :: 		
;__Lib_System.c,9 :: 		
0x009D	0x1283      	BCF        STATUS, 5
0x009E	0x1303      	BCF        STATUS, 6
0x009F	0x082A      	MOVF       ___DoICPAddr+1, 0
0x00A0	0x008A      	MOVWF      PCLATH
;__Lib_System.c,10 :: 		
0x00A1	0x0829      	MOVF       ___DoICPAddr, 0
0x00A2	0x0082      	MOVWF      PCL
;__Lib_System.c,12 :: 		
L_end_____DoICP:
0x00A3	0x0008      	RETURN
; end of _____DoICP
___CC2DW:
;__Lib_System.c,134 :: 		
;__Lib_System.c,137 :: 		
_CC2D_Loop1:
;__Lib_System.c,139 :: 		
0x00A4	0x209D      	CALL       _____DoICP
0x00A5	0x118A      	BCF        PCLATH, 3
0x00A6	0x120A      	BCF        PCLATH, 4
;__Lib_System.c,141 :: 		
0x00A7	0x0080      	MOVWF      INDF
;__Lib_System.c,142 :: 		
0x00A8	0x0A84      	INCF       FSR, 1
;__Lib_System.c,143 :: 		
0x00A9	0x0AA9      	INCF       ___DoICPAddr, 1
;__Lib_System.c,145 :: 		
0x00AA	0x1903      	BTFSC      STATUS, 2
;__Lib_System.c,146 :: 		
0x00AB	0x0AAA      	INCF       ___DoICPAddr+1, 1
;__Lib_System.c,147 :: 		
0x00AC	0x03F0      	DECF       R0, 1
;__Lib_System.c,149 :: 		
0x00AD	0x1D03      	BTFSS      STATUS, 2
;__Lib_System.c,150 :: 		
0x00AE	0x28A4      	GOTO       _CC2D_Loop1
;__Lib_System.c,152 :: 		
L_end___CC2DW:
0x00AF	0x0008      	RETURN
; end of ___CC2DW
_main:
0x00B0	0x1283      	BCF        STATUS, 5
0x00B1	0x1303      	BCF        STATUS, 6
0x00B2	0x01A4      	CLRF       _count_units
0x00B3	0x01A5      	CLRF       37
0x00B4	0x01A6      	CLRF       _flag
0x00B5	0x01A7      	CLRF       _count_tenth
0x00B6	0x01A8      	CLRF       40
;MyProject.c,48 :: 		void main() {
;MyProject.c,49 :: 		ADCON1 =  6  ;
0x00B7	0x3006      	MOVLW      6
0x00B8	0x1683      	BSF        STATUS, 5
0x00B9	0x009F      	MOVWF      ADCON1
;MyProject.c,50 :: 		trisa = 0 ;
0x00BA	0x0185      	CLRF       TRISA
;MyProject.c,51 :: 		porta = 0 ;
0x00BB	0x1283      	BCF        STATUS, 5
0x00BC	0x0185      	CLRF       PORTA
;MyProject.c,52 :: 		trisc = 0 ;
0x00BD	0x1683      	BSF        STATUS, 5
0x00BE	0x0187      	CLRF       TRISC
;MyProject.c,53 :: 		portc = 0;
0x00BF	0x1283      	BCF        STATUS, 5
0x00C0	0x0187      	CLRF       PORTC
;MyProject.c,54 :: 		trisd = 0 ;
0x00C1	0x1683      	BSF        STATUS, 5
0x00C2	0x0188      	CLRF       TRISD
;MyProject.c,55 :: 		portd = 255 ;
0x00C3	0x30FF      	MOVLW      255
0x00C4	0x1283      	BCF        STATUS, 5
0x00C5	0x0088      	MOVWF      PORTD
;MyProject.c,56 :: 		trisb.b0 = 1 ;
0x00C6	0x1683      	BSF        STATUS, 5
0x00C7	0x1406      	BSF        TRISB, 0
;MyProject.c,57 :: 		trisb.b5 = 1 ;
0x00C8	0x1686      	BSF        TRISB, 5
;MyProject.c,58 :: 		while(portb.b0) ;
L_main29:
0x00C9	0x1283      	BCF        STATUS, 5
0x00CA	0x1C06      	BTFSS      PORTB, 0
0x00CB	0x28CD      	GOTO       L_main30
0x00CC	0x28C9      	GOTO       L_main29
L_main30:
;MyProject.c,59 :: 		while(1)
L_main31:
;MyProject.c,61 :: 		if(flag == 0 || flag == 2)
0x00CD	0x0826      	MOVF       _flag, 0
0x00CE	0x3A00      	XORLW      0
0x00CF	0x1903      	BTFSC      STATUS, 2
0x00D0	0x28D6      	GOTO       L__main73
0x00D1	0x0826      	MOVF       _flag, 0
0x00D2	0x3A02      	XORLW      2
0x00D3	0x1903      	BTFSC      STATUS, 2
0x00D4	0x28D6      	GOTO       L__main73
0x00D5	0x2946      	GOTO       L_main35
L__main73:
;MyProject.c,63 :: 		porta = 0 ;
0x00D6	0x0185      	CLRF       PORTA
;MyProject.c,64 :: 		portc.b4 = 1 ;
0x00D7	0x1607      	BSF        PORTC, 4
;MyProject.c,65 :: 		portc.b0 = 1 ;
0x00D8	0x1407      	BSF        PORTC, 0
;MyProject.c,66 :: 		for(count_tenth = 35 ; count_tenth >= 0 ; count_tenth -- )
0x00D9	0x3023      	MOVLW      35
0x00DA	0x00A7      	MOVWF      _count_tenth
0x00DB	0x3000      	MOVLW      0
0x00DC	0x00A8      	MOVWF      _count_tenth+1
L_main36:
0x00DD	0x3080      	MOVLW      128
0x00DE	0x0628      	XORWF      _count_tenth+1, 0
0x00DF	0x00F0      	MOVWF      R0
0x00E0	0x3080      	MOVLW      128
0x00E1	0x0270      	SUBWF      R0, 0
0x00E2	0x1D03      	BTFSS      STATUS, 2
0x00E3	0x28E6      	GOTO       L__main79
0x00E4	0x3000      	MOVLW      0
0x00E5	0x0227      	SUBWF      _count_tenth, 0
L__main79:
0x00E6	0x1C03      	BTFSS      STATUS, 0
0x00E7	0x2945      	GOTO       L_main37
;MyProject.c,68 :: 		if(count_tenth <= 31 && count_tenth >= 26 || (count_tenth <= 15 && count_tenth >= 10))
0x00E8	0x3080      	MOVLW      128
0x00E9	0x00F0      	MOVWF      R0
0x00EA	0x3080      	MOVLW      128
0x00EB	0x0628      	XORWF      _count_tenth+1, 0
0x00EC	0x0270      	SUBWF      R0, 0
0x00ED	0x1D03      	BTFSS      STATUS, 2
0x00EE	0x28F1      	GOTO       L__main80
0x00EF	0x0827      	MOVF       _count_tenth, 0
0x00F0	0x3C1F      	SUBLW      31
L__main80:
0x00F1	0x1C03      	BTFSS      STATUS, 0
0x00F2	0x28FF      	GOTO       L__main72
0x00F3	0x3080      	MOVLW      128
0x00F4	0x0628      	XORWF      _count_tenth+1, 0
0x00F5	0x00F0      	MOVWF      R0
0x00F6	0x3080      	MOVLW      128
0x00F7	0x0270      	SUBWF      R0, 0
0x00F8	0x1D03      	BTFSS      STATUS, 2
0x00F9	0x28FC      	GOTO       L__main81
0x00FA	0x301A      	MOVLW      26
0x00FB	0x0227      	SUBWF      _count_tenth, 0
L__main81:
0x00FC	0x1C03      	BTFSS      STATUS, 0
0x00FD	0x28FF      	GOTO       L__main72
0x00FE	0x2917      	GOTO       L__main70
L__main72:
0x00FF	0x3080      	MOVLW      128
0x0100	0x00F0      	MOVWF      R0
0x0101	0x3080      	MOVLW      128
0x0102	0x0628      	XORWF      _count_tenth+1, 0
0x0103	0x0270      	SUBWF      R0, 0
0x0104	0x1D03      	BTFSS      STATUS, 2
0x0105	0x2908      	GOTO       L__main82
0x0106	0x0827      	MOVF       _count_tenth, 0
0x0107	0x3C0F      	SUBLW      15
L__main82:
0x0108	0x1C03      	BTFSS      STATUS, 0
0x0109	0x2916      	GOTO       L__main71
0x010A	0x3080      	MOVLW      128
0x010B	0x0628      	XORWF      _count_tenth+1, 0
0x010C	0x00F0      	MOVWF      R0
0x010D	0x3080      	MOVLW      128
0x010E	0x0270      	SUBWF      R0, 0
0x010F	0x1D03      	BTFSS      STATUS, 2
0x0110	0x2913      	GOTO       L__main83
0x0111	0x300A      	MOVLW      10
0x0112	0x0227      	SUBWF      _count_tenth, 0
L__main83:
0x0113	0x1C03      	BTFSS      STATUS, 0
0x0114	0x2916      	GOTO       L__main71
0x0115	0x2917      	GOTO       L__main70
L__main71:
0x0116	0x2918      	GOTO       L_main45
L__main70:
;MyProject.c,69 :: 		continue ;
0x0117	0x2940      	GOTO       L_main38
L_main45:
;MyProject.c,70 :: 		if( count_tenth == 0x03)
0x0118	0x3000      	MOVLW      0
0x0119	0x0628      	XORWF      _count_tenth+1, 0
0x011A	0x1D03      	BTFSS      STATUS, 2
0x011B	0x291E      	GOTO       L__main84
0x011C	0x3003      	MOVLW      3
0x011D	0x0627      	XORWF      _count_tenth, 0
L__main84:
0x011E	0x1D03      	BTFSS      STATUS, 2
0x011F	0x2922      	GOTO       L_main46
;MyProject.c,72 :: 		portc.b0 = 0 ;
0x0120	0x1007      	BCF        PORTC, 0
;MyProject.c,73 :: 		portc.b1 = 1 ;
0x0121	0x1487      	BSF        PORTC, 1
;MyProject.c,74 :: 		}
L_main46:
;MyProject.c,75 :: 		portd = count_tenth ;
0x0122	0x0827      	MOVF       _count_tenth, 0
0x0123	0x0088      	MOVWF      PORTD
;MyProject.c,76 :: 		flag = 1 ;
0x0124	0x3001      	MOVLW      1
0x0125	0x00A6      	MOVWF      _flag
;MyProject.c,77 :: 		delay_ms(500) ;
0x0126	0x3006      	MOVLW      6
0x0127	0x00FB      	MOVWF      R11
0x0128	0x3013      	MOVLW      19
0x0129	0x00FC      	MOVWF      R12
0x012A	0x30AD      	MOVLW      173
0x012B	0x00FD      	MOVWF      R13
L_main47:
0x012C	0x0BFD      	DECFSZ     R13, 1
0x012D	0x292C      	GOTO       L_main47
0x012E	0x0BFC      	DECFSZ     R12, 1
0x012F	0x292C      	GOTO       L_main47
0x0130	0x0BFB      	DECFSZ     R11, 1
0x0131	0x292C      	GOTO       L_main47
0x0132	0x0000      	NOP
0x0133	0x0000      	NOP
;MyProject.c,78 :: 		if(portb.b0 == 1)
0x0134	0x1C06      	BTFSS      PORTB, 0
0x0135	0x293A      	GOTO       L_main48
;MyProject.c,80 :: 		INTE_BIT = 1;
0x0136	0x160B      	BSF        INTE_bit, BitPos(INTE_bit+0)
;MyProject.c,81 :: 		INTEDG_BIT = 1 ;
0x0137	0x1683      	BSF        STATUS, 5
0x0138	0x1701      	BSF        INTEDG_bit, BitPos(INTEDG_bit+0)
;MyProject.c,82 :: 		GIE_BIT = 1;
0x0139	0x178B      	BSF        GIE_bit, BitPos(GIE_bit+0)
;MyProject.c,83 :: 		}
L_main48:
;MyProject.c,84 :: 		if(flag != 1)
0x013A	0x1283      	BCF        STATUS, 5
0x013B	0x0826      	MOVF       _flag, 0
0x013C	0x3A01      	XORLW      1
0x013D	0x1903      	BTFSC      STATUS, 2
0x013E	0x2940      	GOTO       L_main49
;MyProject.c,85 :: 		break ;
0x013F	0x2945      	GOTO       L_main37
L_main49:
;MyProject.c,86 :: 		}
L_main38:
;MyProject.c,66 :: 		for(count_tenth = 35 ; count_tenth >= 0 ; count_tenth -- )
0x0140	0x3001      	MOVLW      1
0x0141	0x02A7      	SUBWF      _count_tenth, 1
0x0142	0x1C03      	BTFSS      STATUS, 0
0x0143	0x03A8      	DECF       _count_tenth+1, 1
;MyProject.c,86 :: 		}
0x0144	0x28DD      	GOTO       L_main36
L_main37:
;MyProject.c,87 :: 		}
0x0145	0x29A5      	GOTO       L_main50
L_main35:
;MyProject.c,88 :: 		else if(flag == 1 || flag == 3)
0x0146	0x0826      	MOVF       _flag, 0
0x0147	0x3A01      	XORLW      1
0x0148	0x1903      	BTFSC      STATUS, 2
0x0149	0x294F      	GOTO       L__main69
0x014A	0x0826      	MOVF       _flag, 0
0x014B	0x3A03      	XORLW      3
0x014C	0x1903      	BTFSC      STATUS, 2
0x014D	0x294F      	GOTO       L__main69
0x014E	0x29A5      	GOTO       L_main53
L__main69:
;MyProject.c,90 :: 		porta =  0 ;
0x014F	0x0185      	CLRF       PORTA
;MyProject.c,91 :: 		portc = 0 ;
0x0150	0x0187      	CLRF       PORTC
;MyProject.c,92 :: 		portc.b6 =1 ;
0x0151	0x1707      	BSF        PORTC, 6
;MyProject.c,93 :: 		portc.b2 = 1 ;
0x0152	0x1507      	BSF        PORTC, 2
;MyProject.c,94 :: 		for(count_tenth = 21 ; count_tenth >= 0 ; count_tenth -- )
0x0153	0x3015      	MOVLW      21
0x0154	0x00A7      	MOVWF      _count_tenth
0x0155	0x3000      	MOVLW      0
0x0156	0x00A8      	MOVWF      _count_tenth+1
L_main54:
0x0157	0x3080      	MOVLW      128
0x0158	0x0628      	XORWF      _count_tenth+1, 0
0x0159	0x00F0      	MOVWF      R0
0x015A	0x3080      	MOVLW      128
0x015B	0x0270      	SUBWF      R0, 0
0x015C	0x1D03      	BTFSS      STATUS, 2
0x015D	0x2960      	GOTO       L__main85
0x015E	0x3000      	MOVLW      0
0x015F	0x0227      	SUBWF      _count_tenth, 0
L__main85:
0x0160	0x1C03      	BTFSS      STATUS, 0
0x0161	0x29A5      	GOTO       L_main55
;MyProject.c,96 :: 		if(count_tenth <= 15 && count_tenth >= 10)
0x0162	0x3080      	MOVLW      128
0x0163	0x00F0      	MOVWF      R0
0x0164	0x3080      	MOVLW      128
0x0165	0x0628      	XORWF      _count_tenth+1, 0
0x0166	0x0270      	SUBWF      R0, 0
0x0167	0x1D03      	BTFSS      STATUS, 2
0x0168	0x296B      	GOTO       L__main86
0x0169	0x0827      	MOVF       _count_tenth, 0
0x016A	0x3C0F      	SUBLW      15
L__main86:
0x016B	0x1C03      	BTFSS      STATUS, 0
0x016C	0x2979      	GOTO       L_main59
0x016D	0x3080      	MOVLW      128
0x016E	0x0628      	XORWF      _count_tenth+1, 0
0x016F	0x00F0      	MOVWF      R0
0x0170	0x3080      	MOVLW      128
0x0171	0x0270      	SUBWF      R0, 0
0x0172	0x1D03      	BTFSS      STATUS, 2
0x0173	0x2976      	GOTO       L__main87
0x0174	0x300A      	MOVLW      10
0x0175	0x0227      	SUBWF      _count_tenth, 0
L__main87:
0x0176	0x1C03      	BTFSS      STATUS, 0
0x0177	0x2979      	GOTO       L_main59
L__main68:
;MyProject.c,97 :: 		continue ;
0x0178	0x29A0      	GOTO       L_main56
L_main59:
;MyProject.c,98 :: 		if( count_tenth == 0x03)
0x0179	0x3000      	MOVLW      0
0x017A	0x0628      	XORWF      _count_tenth+1, 0
0x017B	0x1D03      	BTFSS      STATUS, 2
0x017C	0x297F      	GOTO       L__main88
0x017D	0x3003      	MOVLW      3
0x017E	0x0627      	XORWF      _count_tenth, 0
L__main88:
0x017F	0x1D03      	BTFSS      STATUS, 2
0x0180	0x2983      	GOTO       L_main60
;MyProject.c,100 :: 		portc.B6 = 0 ;
0x0181	0x1307      	BCF        PORTC, 6
;MyProject.c,101 :: 		portc.B5 = 1 ;
0x0182	0x1687      	BSF        PORTC, 5
;MyProject.c,102 :: 		}
L_main60:
;MyProject.c,103 :: 		portd = count_tenth ;
0x0183	0x0827      	MOVF       _count_tenth, 0
0x0184	0x0088      	MOVWF      PORTD
;MyProject.c,104 :: 		flag = 0 ;
0x0185	0x01A6      	CLRF       _flag
;MyProject.c,105 :: 		delay_ms(500) ;
0x0186	0x3006      	MOVLW      6
0x0187	0x00FB      	MOVWF      R11
0x0188	0x3013      	MOVLW      19
0x0189	0x00FC      	MOVWF      R12
0x018A	0x30AD      	MOVLW      173
0x018B	0x00FD      	MOVWF      R13
L_main61:
0x018C	0x0BFD      	DECFSZ     R13, 1
0x018D	0x298C      	GOTO       L_main61
0x018E	0x0BFC      	DECFSZ     R12, 1
0x018F	0x298C      	GOTO       L_main61
0x0190	0x0BFB      	DECFSZ     R11, 1
0x0191	0x298C      	GOTO       L_main61
0x0192	0x0000      	NOP
0x0193	0x0000      	NOP
;MyProject.c,106 :: 		if(portb.b0 == 1)
0x0194	0x1C06      	BTFSS      PORTB, 0
0x0195	0x299A      	GOTO       L_main62
;MyProject.c,108 :: 		INTE_BIT = 1;
0x0196	0x160B      	BSF        INTE_bit, BitPos(INTE_bit+0)
;MyProject.c,109 :: 		INTEDG_BIT = 1 ;
0x0197	0x1683      	BSF        STATUS, 5
0x0198	0x1701      	BSF        INTEDG_bit, BitPos(INTEDG_bit+0)
;MyProject.c,110 :: 		GIE_BIT = 1;
0x0199	0x178B      	BSF        GIE_bit, BitPos(GIE_bit+0)
;MyProject.c,111 :: 		}
L_main62:
;MyProject.c,112 :: 		if(flag != 0)
0x019A	0x1283      	BCF        STATUS, 5
0x019B	0x0826      	MOVF       _flag, 0
0x019C	0x3A00      	XORLW      0
0x019D	0x1903      	BTFSC      STATUS, 2
0x019E	0x29A0      	GOTO       L_main63
;MyProject.c,113 :: 		break ;
0x019F	0x29A5      	GOTO       L_main55
L_main63:
;MyProject.c,114 :: 		}
L_main56:
;MyProject.c,94 :: 		for(count_tenth = 21 ; count_tenth >= 0 ; count_tenth -- )
0x01A0	0x3001      	MOVLW      1
0x01A1	0x02A7      	SUBWF      _count_tenth, 1
0x01A2	0x1C03      	BTFSS      STATUS, 0
0x01A3	0x03A8      	DECF       _count_tenth+1, 1
;MyProject.c,114 :: 		}
0x01A4	0x2957      	GOTO       L_main54
L_main55:
;MyProject.c,115 :: 		}
L_main53:
L_main50:
;MyProject.c,116 :: 		portc = 0 ;
0x01A5	0x0187      	CLRF       PORTC
;MyProject.c,117 :: 		}
0x01A6	0x28CD      	GOTO       L_main31
;MyProject.c,118 :: 		}
L_end_main:
0x01A7	0x29A7      	GOTO       $+0
; end of _main
Symbol List:
//** Routines locations **
//ADDRESS    SIZE    PROCEDURE
//----------------------------------------------
0x0004     [153]    _interrupt
0x009D       [7]    _____DoICP
0x00A4      [12]    ___CC2DW
0x00B0     [248]    _main
//** Variables locations ** 
//ADDRESS    SIZE    VARIABLE
//----------------------------------------------
0x0000       [1]    INDF
0x0002       [1]    PCL
0x0003       [1]    STATUS
0x0004       [1]    FSR
0x0005       [1]    PORTA
0x0006       [1]    PORTB
0x0007       [1]    PORTC
0x0008       [1]    PORTD
0x000A       [1]    PCLATH
0x000B       [0]    INTE_bit
0x000B       [0]    INTF_bit
0x000B       [0]    GIE_bit
0x0024       [2]    _count_units
0x0026       [1]    _flag
0x0027       [2]    _count_tenth
0x0029       [2]    ___DoICPAddr
0x002B       [1]    ___saveSTATUS
0x002C       [1]    ___savePCLATH
0x0070       [1]    R0
0x0071       [1]    R1
0x0072       [1]    R2
0x0073       [1]    R3
0x0074       [1]    R4
0x0075       [1]    R5
0x0076       [1]    R6
0x0077       [1]    R7
0x0078       [1]    R8
0x0079       [1]    R9
0x007A       [1]    R10
0x007B       [1]    R11
0x007C       [1]    R12
0x007D       [1]    R13
0x007E       [1]    R14
0x007F       [1]    R15
0x0081       [0]    INTEDG_bit
0x0085       [1]    TRISA
0x0086       [1]    TRISB
0x0087       [1]    TRISC
0x0088       [1]    TRISD
0x009F       [1]    ADCON1
//** Label List: ** 
//----------------------------------------------
  L_interrupt0
  L_interrupt1
  L_interrupt2
  L_interrupt3
  L_interrupt4
  L_interrupt5
  L_interrupt6
  L_interrupt7
  L_interrupt8
  L_interrupt9
  L_interrupt10
  L_interrupt11
  L_interrupt12
  L_interrupt13
  L_interrupt14
  L_interrupt15
  L_interrupt16
  L_interrupt17
  L_interrupt18
  L_interrupt19
  L_interrupt20
  L_interrupt21
  L_interrupt22
  L_interrupt23
  L_interrupt24
  L_interrupt25
  L_interrupt26
  L_interrupt27
  L_interrupt28
  L_main29
  L_main30
  L_main31
  L_main32
  L_main33
  L_main34
  L_main35
  L_main36
  L_main37
  L_main38
  L_main39
  L_main40
  L_main41
  L_main42
  L_main43
  L_main44
  L_main45
  L_main46
  L_main47
  L_main48
  L_main49
  L_main50
  L_main51
  L_main52
  L_main53
  L_main54
  L_main55
  L_main56
  L_main57
  L_main58
  L_main59
  L_main60
  L_main61
  L_main62
  L_main63
  L__interrupt64
  L__interrupt65
  L__interrupt66
  L__interrupt67
  L__main68
  L__main69
  L__main70
  L__main71
  L__main72
  L__main73
  L_end_interrupt
  _interrupt
  L__interrupt75
  L__interrupt76
  L__interrupt77
  L_end_main
  _main
  L__main79
  L__main80
  L__main81
  L__main82
  L__main83
  L__main84
  L__main85
  L__main86
  L__main87
  L__main88
  L_loopCA2AWs
  L_CA2AWend
  _CCA2AW_Loop1
  L_loopCS2Ss
  L_CS2Send
  _CCS2S_Loop1
  L_CCS2Send
  L_loopFZinSWs
  L_FZinSend
  _CC2D_Loop1
  L_end_____DoICP
  _____DoICP
  L_end_____DoIFC
  _____DoIFC
  L_end___CA2AW
  ___CA2AW
  L_end___CCA2AW
  ___CCA2AW
  L_end___CS2S
  ___CS2S
  L_end___CCS2S
  ___CCS2S
  L_end___FZinS
  ___FZinS
  L_end___CC2DW
  ___CC2DW
  L_end_Swap
  _Swap
  L_interrupt0
  L_interrupt1
  L_interrupt2
  L_interrupt3
  L_interrupt4
  L_interrupt5
  L_interrupt6
  L_interrupt7
  L_interrupt8
  L_interrupt9
  L_interrupt10
  L_interrupt11
  L_interrupt12
  L_interrupt13
  L_interrupt14
  L_interrupt15
  L_interrupt16
  L_interrupt17
  L_interrupt18
  L_interrupt19
  L_interrupt20
  L_interrupt21
  L_interrupt22
  L_interrupt23
  L_interrupt24
  L_interrupt25
  L_interrupt26
  L_interrupt27
  L_interrupt28
  L_main29
  L_main30
  L_main31
  L_main32
  L_main33
  L_main34
  L_main35
  L_main36
  L_main37
  L_main38
  L_main39
  L_main40
  L_main41
  L_main42
  L_main43
  L_main44
  L_main45
  L_main46
  L_main47
  L_main48
  L_main49
  L_main50
  L_main51
  L_main52
  L_main53
  L_main54
  L_main55
  L_main56
  L_main57
  L_main58
  L_main59
  L_main60
  L_main61
  L_main62
  L_main63
  L__interrupt64
  L__interrupt65
  L__interrupt66
  L__interrupt67
  L__main68
  L__main69
  L__main70
  L__main71
  L__main72
  L__main73
  L_end_interrupt
  _interrupt
  L__interrupt75
  L__interrupt76
  L__interrupt77
  L_end_main
  _main
  L__main79
  L__main80
  L__main81
  L__main82
  L__main83
  L__main84
  L__main85
  L__main86
  L__main87
  L__main88
